<?xml version="1.0" encoding="UTF-8" ?>
<testsuite tests="6" failures="0" name="praktikum.BurgerTest" time="1.145" errors="0" skipped="0">
  <properties>
[...]
</properties>
  <testcase classname="praktikum.BurgerTest" name="getPriceTest" time="1.126"/>
  <testcase classname="praktikum.BurgerTest" name="addIngredientTest" time="0.001"/>
  <testcase classname="praktikum.BurgerTest" name="moveIngredientTest" time="0.002"/>
  <testcase classname="praktikum.BurgerTest" name="setBunsTest" time="0.004"/>
  <testcase classname="praktikum.BurgerTest" name="removeIngredientTest" time="0"/>
  <testcase classname="praktikum.BurgerTest" name="getReceiptTest" time="0.012"/>
</testsuite>